\BOOKMARK [0][-]{chapter.1}{\376\377\000F\000i\000l\000e\000\040\000I\000n\000d\000e\000x}{}% 1
\BOOKMARK [1][-]{section.1.1}{\376\377\000F\000i\000l\000e\000\040\000L\000i\000s\000t}{chapter.1}% 2
\BOOKMARK [0][-]{chapter.2}{\376\377\000F\000i\000l\000e\000\040\000D\000o\000c\000u\000m\000e\000n\000t\000a\000t\000i\000o\000n}{}% 3
\BOOKMARK [1][-]{section.2.1}{\376\377\000S\000o\000u\000r\000c\000e\000\137\000C\000o\000d\000e\000/\000F\000i\000n\000a\000l\000\137\000D\000e\000m\000o\000\137\000C\000o\000d\000e\000.\000i\000n\000o\000\040\000F\000i\000l\000e\000\040\000R\000e\000f\000e\000r\000e\000n\000c\000e}{chapter.2}% 4
\BOOKMARK [2][-]{subsection.2.1.1}{\376\377\000D\000e\000t\000a\000i\000l\000e\000d\000\040\000D\000e\000s\000c\000r\000i\000p\000t\000i\000o\000n}{section.2.1}% 5
\BOOKMARK [2][-]{subsection.2.1.2}{\376\377\000F\000u\000n\000c\000t\000i\000o\000n\000\040\000D\000o\000c\000u\000m\000e\000n\000t\000a\000t\000i\000o\000n}{section.2.1}% 6
\BOOKMARK [3][-]{subsubsection.2.1.2.1}{\376\377\000l\000o\000o\000p}{subsection.2.1.2}% 7
\BOOKMARK [3][-]{subsubsection.2.1.2.2}{\376\377\000s\000e\000t\000u\000p}{subsection.2.1.2}% 8
\BOOKMARK [3][-]{subsubsection.2.1.2.3}{\376\377\000s\000w\000e\000e\000p}{subsection.2.1.2}% 9
\BOOKMARK [2][-]{subsection.2.1.3}{\376\377\000V\000a\000r\000i\000a\000b\000l\000e\000\040\000D\000o\000c\000u\000m\000e\000n\000t\000a\000t\000i\000o\000n}{section.2.1}% 10
\BOOKMARK [3][-]{subsubsection.2.1.3.1}{\376\377\000p\000w\000m}{subsection.2.1.3}% 11
\BOOKMARK [1][-]{section.2.2}{\376\377\000S\000o\000u\000r\000c\000e\000\137\000C\000o\000d\000e\000/\000F\000u\000l\000l\000\137\000R\000o\000b\000o\000t\000\137\000C\000o\000d\000e\000.\000i\000n\000o\000\040\000F\000i\000l\000e\000\040\000R\000e\000f\000e\000r\000e\000n\000c\000e}{chapter.2}% 12
\BOOKMARK [2][-]{subsection.2.2.1}{\376\377\000D\000e\000t\000a\000i\000l\000e\000d\000\040\000D\000e\000s\000c\000r\000i\000p\000t\000i\000o\000n}{section.2.2}% 13
\BOOKMARK [2][-]{subsection.2.2.2}{\376\377\000F\000u\000n\000c\000t\000i\000o\000n\000\040\000D\000o\000c\000u\000m\000e\000n\000t\000a\000t\000i\000o\000n}{section.2.2}% 14
\BOOKMARK [3][-]{subsubsection.2.2.2.1}{\376\377\000l\000o\000o\000p}{subsection.2.2.2}% 15
\BOOKMARK [3][-]{subsubsection.2.2.2.2}{\376\377\000s\000e\000t\000u\000p}{subsection.2.2.2}% 16
\BOOKMARK [1][-]{section.2.3}{\376\377\000S\000o\000u\000r\000c\000e\000\137\000C\000o\000d\000e\000/\000S\000e\000r\000v\000o\000S\000w\000e\000e\000p\000.\000i\000n\000o\000\040\000F\000i\000l\000e\000\040\000R\000e\000f\000e\000r\000e\000n\000c\000e}{chapter.2}% 17
\BOOKMARK [2][-]{subsection.2.3.1}{\376\377\000D\000e\000t\000a\000i\000l\000e\000d\000\040\000D\000e\000s\000c\000r\000i\000p\000t\000i\000o\000n}{section.2.3}% 18
\BOOKMARK [2][-]{subsection.2.3.2}{\376\377\000F\000u\000n\000c\000t\000i\000o\000n\000\040\000D\000o\000c\000u\000m\000e\000n\000t\000a\000t\000i\000o\000n}{section.2.3}% 19
\BOOKMARK [3][-]{subsubsection.2.3.2.1}{\376\377\000l\000o\000o\000p}{subsection.2.3.2}% 20
\BOOKMARK [3][-]{subsubsection.2.3.2.2}{\376\377\000s\000e\000r\000i\000a\000l\000I\000n\000p\000u\000t}{subsection.2.3.2}% 21
\BOOKMARK [3][-]{subsubsection.2.3.2.3}{\376\377\000s\000e\000t\000u\000p}{subsection.2.3.2}% 22
\BOOKMARK [3][-]{subsubsection.2.3.2.4}{\376\377\000s\000w\000e\000e\000p}{subsection.2.3.2}% 23
\BOOKMARK [1][-]{section.2.4}{\376\377\000S\000o\000u\000r\000c\000e\000\137\000C\000o\000d\000e\000/\000T\000e\000s\000t\000i\000n\000g\000\137\000O\000r\000i\000g\000\137\000S\000e\000r\000v\000o\000s\000.\000i\000n\000o\000\040\000F\000i\000l\000e\000\040\000R\000e\000f\000e\000r\000e\000n\000c\000e}{chapter.2}% 24
\BOOKMARK [2][-]{subsection.2.4.1}{\376\377\000D\000e\000t\000a\000i\000l\000e\000d\000\040\000D\000e\000s\000c\000r\000i\000p\000t\000i\000o\000n}{section.2.4}% 25
\BOOKMARK [2][-]{subsection.2.4.2}{\376\377\000F\000u\000n\000c\000t\000i\000o\000n\000\040\000D\000o\000c\000u\000m\000e\000n\000t\000a\000t\000i\000o\000n}{section.2.4}% 26
\BOOKMARK [3][-]{subsubsection.2.4.2.1}{\376\377\000l\000o\000o\000p}{subsection.2.4.2}% 27
\BOOKMARK [3][-]{subsubsection.2.4.2.2}{\376\377\000s\000e\000t\000u\000p}{subsection.2.4.2}% 28
\BOOKMARK [1][-]{section.2.5}{\376\377\000S\000o\000u\000r\000c\000e\000\137\000C\000o\000d\000e\000/\000W\000o\000r\000k\000i\000n\000g\000\137\000P\000o\000t\000e\000n\000t\000i\000o\000m\000e\000t\000e\000r\000\137\000C\000o\000d\000e\000.\000i\000n\000o\000\040\000F\000i\000l\000e\000\040\000R\000e\000f\000e\000r\000e\000n\000c\000e}{chapter.2}% 29
\BOOKMARK [2][-]{subsection.2.5.1}{\376\377\000D\000e\000t\000a\000i\000l\000e\000d\000\040\000D\000e\000s\000c\000r\000i\000p\000t\000i\000o\000n}{section.2.5}% 30
\BOOKMARK [2][-]{subsection.2.5.2}{\376\377\000F\000u\000n\000c\000t\000i\000o\000n\000\040\000D\000o\000c\000u\000m\000e\000n\000t\000a\000t\000i\000o\000n}{section.2.5}% 31
\BOOKMARK [3][-]{subsubsection.2.5.2.1}{\376\377\000l\000o\000o\000p}{subsection.2.5.2}% 32
\BOOKMARK [3][-]{subsubsection.2.5.2.2}{\376\377\000s\000e\000t\000u\000p}{subsection.2.5.2}% 33
\BOOKMARK [0][-]{section*.13}{\376\377\000I\000n\000d\000e\000x}{}% 34
